#
# A fatal error has been detected by the Java Runtime Environment:
#
#  SIGSEGV (0xb) at pc=0x00007f6e39567401, pid=94, tid=155
#
# JRE version: OpenJDK Runtime Environment (11.0.8+10) (build 11.0.8+10-post-Ubuntu-0ubuntu118.04.1)
# Java VM: OpenJDK 64-Bit Server VM (11.0.8+10-post-Ubuntu-0ubuntu118.04.1, mixed mode, sharing, tiered, compressed oops, serial gc, linux-amd64)
# Problematic frame:
# C  [libjimage.so+0x2401]
#
# Core dump will be written. Default location: Core dumps may be processed with "/usr/share/apport/apport %p %s %c %d %P %E" (or dumping to /home/runner/a8final-b-nurtt0949-1/core.94)
#
# If you would like to submit a bug report, please visit:
#   https://bugs.launchpad.net/ubuntu/+source/openjdk-lts
#

---------------  S U M M A R Y ------------

Command Line: Main

Host: Intel(R) Xeon(R) CPU @ 2.30GHz, 4 cores, 512M, Ubuntu 18.04.5 LTS
Time: Mon Nov  2 14:11:13 2020 UTC elapsed time: 55 seconds (0d 0h 0m 55s)

---------------  T H R E A D  ---------------

Current thread (0x00007f6dd4001000):  JavaThread "XToolkt-Shutdown-Thread" [_thread_in_vm, id=155, stack(0x00007f6e33dfe000,0x00007f6e33eff000)]

Stack: [0x00007f6e33dfe000,0x00007f6e33eff000],  sp=0x00007f6e33efc060,  free space=1016k
Native frames: (J=compiled Java code, A=aot compiled Java code, j=interpreted, Vv=VM code, C=native code)
C  [libjimage.so+0x2401]
C  [libjimage.so+0x30ea]
C  [libjimage.so+0x35c6]  JIMAGE_FindResource+0xd6
V  [libjvm.so+0x59097e]
V  [libjvm.so+0x5936e0]
V  [libjvm.so+0xd50b85]
V  [libjvm.so+0xd4e51a]
V  [libjvm.so+0xd51112]
V  [libjvm.so+0x647127]
V  [libjvm.so+0xa3c57a]
V  [libjvm.so+0x844136]
V  [libjvm.so+0x84502d]
j  sun.awt.X11.XToolkit.lambda$init$0()V+0 java.desktop@11.0.8
j  sun.awt.X11.XToolkit$$Lambda$9.run()V+4 java.desktop@11.0.8
j  java.lang.Thread.run()V+11 java.base@11.0.8
v  ~StubRoutines::call_stub
V  [libjvm.so+0x84eb09]
V  [libjvm.so+0x84cc4d]
V  [libjvm.so+0x8f6c9c]
V  [libjvm.so+0xd8996f]
V  [libjvm.so+0xd860bf]
V  [libjvm.so+0xbd632e]

Java frames: (J=compiled Java code, j=interpreted, Vv=VM code)
j  sun.awt.X11.XToolkit.lambda$init$0()V+0 java.desktop@11.0.8
j  sun.awt.X11.XToolkit$$Lambda$9.run()V+4 java.desktop@11.0.8
j  java.lang.Thread.run()V+11 java.base@11.0.8
v  ~StubRoutines::call_stub

siginfo: si_signo: 11 (SIGSEGV), si_code: 1 (SEGV_MAPERR), si_addr: 0x00007f6e2b904ca8

Register to memory mapping:

RAX=0x0000000000000b23 is an unknown value
RBX=0x00007f6e33efc111 is pointing into the stack for thread: 0x00007f6dd4001000
RCX=0x00007f6e2b90201c is an unknown value
RDX=0x0000000000000b23 is an unknown value
RSP=0x00007f6e33efc060 is pointing into the stack for thread: 0x00007f6dd4001000
RBP=0x00007f6e33efc080 is pointing into the stack for thread: 0x00007f6dd4001000
RSI=0x00007f6e33efc110 is pointing into the stack for thread: 0x00007f6dd4001000
RDI=0x00007f6e3976a030: <offset 0x0000000000205030> in /usr/lib/jvm/java-11-openjdk-amd64/lib/libjimage.so at 0x00007f6e39565000
R8 =0x0 is NULL
R9 =0x00000000ca0d71f0 is an unknown value
R10=0x00007f6e33efc134 is pointing into the stack for thread: 0x00007f6dd4001000
R11=0x00007f6e3b5a007d: <offset 0x0000000000eb307d> in /usr/lib/jvm/java-11-openjdk-amd64/lib/server/libjvm.so at 0x00007f6e3a6ed000
R12=0x00007f6e33efc110 is pointing into the stack for thread: 0x00007f6dd4001000
R13=0x00000000000083bc is an unknown value
R14=0x00007f6e33efd1a8 is pointing into the stack for thread: 0x00007f6dd4001000
R15=0x00007f6e00000d00 points into unknown readable memory: 73 75 6e 2f 61 77 74 2f


Registers:
RAX=0x0000000000000b23, RBX=0x00007f6e33efc111, RCX=0x00007f6e2b90201c, RDX=0x0000000000000b23
RSP=0x00007f6e33efc060, RBP=0x00007f6e33efc080, RSI=0x00007f6e33efc110, RDI=0x00007f6e3976a030
R8 =0x0000000000000000, R9 =0x00000000ca0d71f0, R10=0x00007f6e33efc134, R11=0x00007f6e3b5a007d
R12=0x00007f6e33efc110, R13=0x00000000000083bc, R14=0x00007f6e33efd1a8, R15=0x00007f6e00000d00
RIP=0x00007f6e39567401, EFLAGS=0x0000000000010246, CSGSFS=0x002b000000000033, ERR=0x0000000000000004
  TRAPNO=0x000000000000000e

Top of Stack: (sp=0x00007f6e33efc060)
0x00007f6e33efc060:   0000000000000000 00007f6e34009600
0x00007f6e33efc070:   0000000000000000 00007f6e33efc110
0x00007f6e33efc080:   00007f6e33efc0f0 00007f6e395680ea
0x00007f6e33efc090:   0000000000000000 0000000000000000 

Instructions: (pc=0x00007f6e39567401)
0x00007f6e39567301:   c5 4c 01 e3 48 89 ce e8 d3 f3 ff ff e9 69 fd ff
0x00007f6e39567311:   ff 89 d1 0f b7 74 08 fe 66 41 89 74 0e fe e9 7a
0x00007f6e39567321:   fe ff ff 0f 1f 40 00 8b 08 49 8d 1c 16 41 89 0e
0x00007f6e39567331:   89 d1 8b 74 08 fc 41 89 74 0e fc 48 8d 34 10 48
0x00007f6e39567341:   89 75 b8 e9 0b fe ff ff 0f 1f 80 00 00 00 00 0f
0x00007f6e39567351:   b6 17 55 89 f0 48 89 e5 84 d2 74 22 48 8d 4f 01
0x00007f6e39567361:   0f 1f 80 00 00 00 00 48 83 c1 01 0f b6 f2 0f b6
0x00007f6e39567371:   51 ff 69 c0 93 01 00 01 31 f0 84 d2 75 e9 25 ff
0x00007f6e39567381:   ff ff 7f 5d c3 66 2e 0f 1f 84 00 00 00 00 00 48
0x00007f6e39567391:   85 d2 0f 84 dd 00 00 00 85 c9 0f 84 d5 00 00 00
0x00007f6e395673a1:   55 48 89 e5 41 55 41 54 53 48 8d 5e 01 48 83 ec
0x00007f6e395673b1:   08 44 0f b6 06 45 84 c0 0f 84 a9 00 00 00 49 89
0x00007f6e395673c1:   da b8 93 01 00 01 66 0f 1f 84 00 00 00 00 00 49
0x00007f6e395673d1:   83 c2 01 44 69 c8 93 01 00 01 41 0f b6 c0 45 0f
0x00007f6e395673e1:   b6 42 ff 44 31 c8 45 84 c0 75 e4 25 ff ff ff 7f
0x00007f6e395673f1:   41 89 cd 48 89 d1 31 d2 41 f7 f5 49 89 f4 89 d0
0x00007f6e39567401:   8b 34 81 48 8b 07 ff 50 20 83 f8 00 7e 41 41 0f
0x00007f6e39567411:   b6 14 24 84 d2 74 1c 0f 1f 84 00 00 00 00 00 69
0x00007f6e39567421:   c0 93 01 00 01 48 83 c3 01 31 d0 0f b6 53 ff 84
0x00007f6e39567431:   d2 75 ec 25 ff ff ff 7f 31 d2 41 f7 f5 48 83 c4
0x00007f6e39567441:   08 89 d0 5b 41 5c 41 5d 5d c3 0f 1f 44 00 00 74
0x00007f6e39567451:   1d f7 d0 48 83 c4 08 89 c2 5b 89 d0 41 5c 41 5d
0x00007f6e39567461:   5d c3 0f 1f 44 00 00 b8 93 01 00 01 eb 82 ba ff
0x00007f6e39567471:   ff ff ff eb c8 83 ca ff 89 d0 c3 0f 1f 40 00 0f
0x00007f6e39567481:   b6 17 55 48 89 f8 48 89 e5 84 d2 75 15 eb 1a 38
0x00007f6e39567491:   ca 75 1c 48 83 c0 01 0f b6 10 48 83 c6 01 84 d2
0x00007f6e395674a1:   74 07 0f b6 0e 84 c9 75 e6 5d c3 0f 1f 40 00 31
0x00007f6e395674b1:   c0 5d c3 66 90 66 2e 0f 1f 84 00 00 00 00 00 55
0x00007f6e395674c1:   48 85 f6 48 89 e5 74 57 0f 1f 80 00 00 00 00 0f
0x00007f6e395674d1:   b6 06 84 c0 74 49 0f b6 d0 83 e0 07 c1 fa 03 44
0x00007f6e395674e1:   8d 50 01 0f b6 c0 41 89 d1 48 8d 56 01 4c 8d 44
0x00007f6e395674f1:   06 02 31 c0 0f 1f 00 0f b6 0a 48 c1 e0 08 48 83 


Stack slot to memory mapping:
stack at sp + 0 slots: 0x0 is NULL
stack at sp + 1 slots: 0x00007f6e34009600 points into unknown readable memory: 50 0f 00 e4 6d 7f 00 00
stack at sp + 2 slots: 0x0 is NULL
stack at sp + 3 slots: 0x00007f6e33efc110 is pointing into the stack for thread: 0x00007f6dd4001000
stack at sp + 4 slots: 0x00007f6e33efc0f0 is pointing into the stack for thread: 0x00007f6dd4001000
stack at sp + 5 slots: 0x00007f6e395680ea: <offset 0x00000000000030ea> in /usr/lib/jvm/java-11-openjdk-amd64/lib/libjimage.so at 0x00007f6e39565000
stack at sp + 6 slots: 0x0 is NULL
stack at sp + 7 slots: 0x0 is NULL


---------------  P R O C E S S  ---------------

Threads class SMR info:
_java_thread_list=0x00007f6dd4002b40, length=16, elements={
0x00007f6e34051000, 0x00007f6e34053000, 0x00007f6e34059000, 0x00007f6e3405b800,
0x00007f6e3405d800, 0x00007f6e3405f800, 0x00007f6e3409a000, 0x00007f6e340a3000,
0x00007f6e341a1000, 0x00007f6e341a6800, 0x00007f6e341a8000, 0x00007f6e34016000,
0x00007f6ddc023800, 0x00007f6e08001000, 0x00007f6e08003000, 0x00007f6dd4001000
}

Java Threads: ( => current thread )
  0x00007f6e34051000 JavaThread "Reference Handler" daemon [_thread_blocked, id=97, stack(0x00007f6e1c6ff000,0x00007f6e1c800000)]
  0x00007f6e34053000 JavaThread "Finalizer" daemon [_thread_blocked, id=98, stack(0x00007f6e1c5fe000,0x00007f6e1c6ff000)]
  0x00007f6e34059000 JavaThread "Signal Dispatcher" daemon [_thread_blocked, id=99, stack(0x00007f6e1c362000,0x00007f6e1c463000)]
  0x00007f6e3405b800 JavaThread "C2 CompilerThread0" daemon [_thread_blocked, id=100, stack(0x00007f6e1c261000,0x00007f6e1c362000)]
  0x00007f6e3405d800 JavaThread "C1 CompilerThread0" daemon [_thread_blocked, id=101, stack(0x00007f6e1c160000,0x00007f6e1c261000)]
  0x00007f6e3405f800 JavaThread "Sweeper thread" daemon [_thread_blocked, id=102, stack(0x00007f6e1c05f000,0x00007f6e1c160000)]
  0x00007f6e3409a000 JavaThread "Service Thread" daemon [_thread_blocked, id=103, stack(0x00007f6dffeff000,0x00007f6e00000000)]
  0x00007f6e340a3000 JavaThread "Common-Cleaner" daemon [_thread_blocked, id=105, stack(0x00007f6dffcfc000,0x00007f6dffdfd000)]
  0x00007f6e341a1000 JavaThread "AWT-XAWT" daemon [_thread_in_native, id=142, stack(0x00007f6dee421000,0x00007f6dee522000)]
  0x00007f6e341a6800 JavaThread "AWT-Shutdown" [_thread_blocked, id=143, stack(0x00007f6dee320000,0x00007f6dee421000)]
  0x00007f6e341a8000 JavaThread "AWT-EventQueue-0" [_thread_blocked, id=144, stack(0x00007f6dee21f000,0x00007f6dee320000)]
  0x00007f6e34016000 JavaThread "DestroyJavaVM" [_thread_blocked, id=95, stack(0x00007f6e3c85a000,0x00007f6e3c95b000)]
  0x00007f6ddc023800 JavaThread "Java2D Disposer" daemon [_thread_blocked, id=145, stack(0x00007f6dee11e000,0x00007f6dee21f000)]
  0x00007f6e08001000 JavaThread "SIGTERM handler" daemon [_thread_blocked, id=153, stack(0x00007f6dede1d000,0x00007f6dedf1e000)]
  0x00007f6e08003000 JavaThread "SIGHUP handler" daemon [_thread_blocked, id=154, stack(0x00007f6e33eff000,0x00007f6e34000000)]
=>0x00007f6dd4001000 JavaThread "XToolkt-Shutdown-Thread" [_thread_in_vm, id=155, stack(0x00007f6e33dfe000,0x00007f6e33eff000)]

Other Threads:
  0x00007f6e3404e000 VMThread "VM Thread" [stack: 0x00007f6e1c802000,0x00007f6e1c902000] [id=96]
  0x00007f6e3409c000 WatcherThread [stack: 0x00007f6dffdff000,0x00007f6dffeff000] [id=104]

Threads with active compile tasks:

VM state:not at safepoint (normal execution)

VM Mutex/Monitor currently owned by a thread: None

Heap address: 0x00000000f8000000, size: 128 MB, Compressed Oops mode: 32-bit
Narrow klass base: 0x0000000800000000, Narrow klass shift: 3
Compressed class space size: 1073741824 Address: 0x0000000840000000

Heap:
 def new generation   total 2432K, used 1667K [0x00000000f8000000, 0x00000000f82a0000, 0x00000000faaa0000)
  eden space 2176K,  64% used [0x00000000f8000000, 0x00000000f8160d40, 0x00000000f8220000)
  from space 256K, 100% used [0x00000000f8260000, 0x00000000f82a0000, 0x00000000f82a0000)
  to   space 256K,   0% used [0x00000000f8220000, 0x00000000f8220000, 0x00000000f8260000)
 tenured generation   total 5504K, used 2471K [0x00000000faaa0000, 0x00000000fb000000, 0x0000000100000000)
   the space 5504K,  44% used [0x00000000faaa0000, 0x00000000fad09ee0, 0x00000000fad0a000, 0x00000000fb000000)
 Metaspace       used 10455K, capacity 10959K, committed 11264K, reserved 1058816K
  class space    used 1209K, capacity 1457K, committed 1536K, reserved 1048576K

Card table byte_map: [0x00007f6e3c819000,0x00007f6e3c85a000] _byte_map_base: 0x00007f6e3c059000

Polling page: 0x00007f6e3c977000

Metaspace:

Usage:
  Non-class:      9.28 MB capacity,     9.03 MB ( 97%) used,   202.12 KB (  2%) free+waste,    53.12 KB ( <1%) overhead. 
      Class:      1.42 MB capacity,     1.18 MB ( 83%) used,   217.98 KB ( 15%) free+waste,    29.94 KB (  2%) overhead. 
       Both:     10.70 MB capacity,    10.21 MB ( 95%) used,   420.09 KB (  4%) free+waste,    83.06 KB ( <1%) overhead. 

Virtual space:
  Non-class space:       10.00 MB reserved,       9.50 MB ( 95%) committed 
      Class space:        1.00 GB reserved,       1.50 MB ( <1%) committed 
             Both:        1.01 GB reserved,      11.00 MB (  1%) committed 

Chunk freelists:
   Non-Class:  42.00 KB
       Class:  15.00 KB
        Both:  57.00 KB

MaxMetaspaceSize: unlimited
CompressedClassSpaceSize: 1.00 GB

CodeHeap 'non-profiled nmethods': size=120036Kb used=317Kb max_used=317Kb free=119718Kb
 bounds [0x00007f6e243c9000, 0x00007f6e24639000, 0x00007f6e2b902000]
CodeHeap 'profiled nmethods': size=120032Kb used=1495Kb max_used=1495Kb free=118536Kb
 bounds [0x00007f6e1ce91000, 0x00007f6e1d101000, 0x00007f6e243c9000]
CodeHeap 'non-nmethods': size=5692Kb used=1257Kb max_used=1269Kb free=4434Kb
 bounds [0x00007f6e1c902000, 0x00007f6e1cb72000, 0x00007f6e1ce91000]
 total_blobs=1605 nmethods=936 adapters=584
 compilation: enabled
              stopped_count=0, restarted_count=0
 full_count=0

Compilation events (20 events):
Event: 14.965 Thread 0x00007f6e3405d800  933       1       java.awt.Component::getHeight (5 bytes)
Event: 14.965 Thread 0x00007f6e3405d800 nmethod 933 0x00007f6e24417090 code [0x00007f6e24417240, 0x00007f6e24417310]
Event: 14.965 Thread 0x00007f6e3405d800  928   !   3       sun.awt.X11.XToolkit::windowToXWindow (27 bytes)
Event: 14.966 Thread 0x00007f6e3405d800 nmethod 928 0x00007f6e1d004390 code [0x00007f6e1d004580, 0x00007f6e1d004a90]
Event: 14.966 Thread 0x00007f6e3405d800  929       3       java.util.TreeMap::get (19 bytes)
Event: 14.968 Thread 0x00007f6e3405d800 nmethod 929 0x00007f6e1d004c90 code [0x00007f6e1d004e60, 0x00007f6e1d005020]
Event: 14.968 Thread 0x00007f6e3405d800  931       1       java.awt.Component::isVisible_NoClientCode (5 bytes)
Event: 14.969 Thread 0x00007f6e3405d800 nmethod 931 0x00007f6e24417390 code [0x00007f6e24417540, 0x00007f6e24417610]
Event: 15.006 Thread 0x00007f6e3405d800  935       3       java.lang.Math::ceil (5 bytes)
Event: 15.006 Thread 0x00007f6e3405d800 nmethod 935 0x00007f6e1d005110 code [0x00007f6e1d005300, 0x00007f6e1d005480]
Event: 15.006 Thread 0x00007f6e3405d800  936       3       java.lang.StrictMath::ceil (10 bytes)
Event: 15.006 Thread 0x00007f6e3405d800 nmethod 936 0x00007f6e1d005590 code [0x00007f6e1d005780, 0x00007f6e1d0058a0]
Event: 15.006 Thread 0x00007f6e3405d800  937       3       sun.awt.X11GraphicsConfig::getScale (8 bytes)
Event: 15.007 Thread 0x00007f6e3405d800 nmethod 937 0x00007f6e1d005990 code [0x00007f6e1d005b40, 0x00007f6e1d005d10]
Event: 15.016 Thread 0x00007f6e3405d800  938       3       sun.awt.X11.XEvent::get_xany (22 bytes)
Event: 15.017 Thread 0x00007f6e3405d800 nmethod 938 0x00007f6e1d005e10 code [0x00007f6e1d006020, 0x00007f6e1d006610]
Event: 15.017 Thread 0x00007f6e3405d800  939       3       sun.awt.X11.XAnyEvent::<init> (30 bytes)
Event: 15.018 Thread 0x00007f6e3405d800 nmethod 939 0x00007f6e1d006810 code [0x00007f6e1d006a00, 0x00007f6e1d006d80]
Event: 44.378 Thread 0x00007f6e3405d800  942       1       java.util.LinkedList::size (5 bytes)
Event: 44.378 Thread 0x00007f6e3405d800 nmethod 942 0x00007f6e24418290 code [0x00007f6e24418440, 0x00007f6e24418510]

GC Heap History (10 events):
Event: 1.557 GC heap before
{Heap before GC invocations=0 (full 0):
 def new generation   total 2432K, used 2176K [0x00000000f8000000, 0x00000000f82a0000, 0x00000000faaa0000)
  eden space 2176K, 100% used [0x00000000f8000000, 0x00000000f8220000, 0x00000000f8220000)
  from space 256K,   0% used [0x00000000f8220000, 0x00000000f8220000, 0x00000000f8260000)
  to   space 256K,   0% used [0x00000000f8260000, 0x00000000f8260000, 0x00000000f82a0000)
 tenured generation   total 5504K, used 0K [0x00000000faaa0000, 0x00000000fb000000, 0x0000000100000000)
   the space 5504K,   0% used [0x00000000faaa0000, 0x00000000faaa0000, 0x00000000faaa0200, 0x00000000fb000000)
 Metaspace       used 1322K, capacity 4639K, committed 4864K, reserved 1056768K
  class space    used 127K, capacity 441K, committed 512K, reserved 1048576K
}
Event: 1.611 GC heap after
{Heap after GC invocations=1 (full 0):
 def new generation   total 2432K, used 256K [0x00000000f8000000, 0x00000000f82a0000, 0x00000000faaa0000)
  eden space 2176K,   0% used [0x00000000f8000000, 0x00000000f8000000, 0x00000000f8220000)
  from space 256K, 100% used [0x00000000f8260000, 0x00000000f82a0000, 0x00000000f82a0000)
  to   space 256K,   0% used [0x00000000f8220000, 0x00000000f8220000, 0x00000000f8260000)
 tenured generation   total 5504K, used 622K [0x00000000faaa0000, 0x00000000fb000000, 0x0000000100000000)
   the space 5504K,  11% used [0x00000000faaa0000, 0x00000000fab3b810, 0x00000000fab3ba00, 0x00000000fb000000)
 Metaspace       used 1322K, capacity 4639K, committed 4864K, reserved 1056768K
  class space    used 127K, capacity 441K, committed 512K, reserved 1048576K
}
Event: 9.910 GC heap before
{Heap before GC invocations=1 (full 0):
 def new generation   total 2432K, used 2432K [0x00000000f8000000, 0x00000000f82a0000, 0x00000000faaa0000)
  eden space 2176K, 100% used [0x00000000f8000000, 0x00000000f8220000, 0x00000000f8220000)
  from space 256K, 100% used [0x00000000f8260000, 0x00000000f82a0000, 0x00000000f82a0000)
  to   space 256K,   0% used [0x00000000f8220000, 0x00000000f8220000, 0x00000000f8260000)
 tenured generation   total 5504K, used 622K [0x00000000faaa0000, 0x00000000fb000000, 0x0000000100000000)
   the space 5504K,  11% used [0x00000000faaa0000, 0x00000000fab3b810, 0x00000000fab3ba00, 0x00000000fb000000)
 Metaspace       used 4092K, capacity 4876K, committed 4992K, reserved 1056768K
  class space    used 424K, capacity 527K, committed 640K, reserved 1048576K
}
Event: 9.964 GC heap after
{Heap after GC invocations=2 (full 0):
 def new generation   total 2432K, used 255K [0x00000000f8000000, 0x00000000f82a0000, 0x00000000faaa0000)
  eden space 2176K,   0% used [0x00000000f8000000, 0x00000000f8000000, 0x00000000f8220000)
  from space 256K,  99% used [0x00000000f8220000, 0x00000000f825fff8, 0x00000000f8260000)
  to   space 256K,   0% used [0x00000000f8260000, 0x00000000f8260000, 0x00000000f82a0000)
 tenured generation   total 5504K, used 1066K [0x00000000faaa0000, 0x00000000fb000000, 0x0000000100000000)
   the space 5504K,  19% used [0x00000000faaa0000, 0x00000000fabaaa40, 0x00000000fabaac00, 0x00000000fb000000)
 Metaspace       used 4092K, capacity 4876K, committed 4992K, reserved 1056768K
  class space    used 424K, capacity 527K, committed 640K, reserved 1048576K
}
Event: 10.633 GC heap before
{Heap before GC invocations=2 (full 0):
 def new generation   total 2432K, used 2431K [0x00000000f8000000, 0x00000000f82a0000, 0x00000000faaa0000)
  eden space 2176K, 100% used [0x00000000f8000000, 0x00000000f8220000, 0x00000000f8220000)
  from space 256K,  99% used [0x00000000f8220000, 0x00000000f825fff8, 0x00000000f8260000)
  to   space 256K,   0% used [0x00000000f8260000, 0x00000000f8260000, 0x00000000f82a0000)
 tenured generation   total 5504K, used 1066K [0x00000000faaa0000, 0x00000000fb000000, 0x0000000100000000)
   the space 5504K,  19% used [0x00000000faaa0000, 0x00000000fabaaa40, 0x00000000fabaac00, 0x00000000fb000000)
 Metaspace       used 5718K, capacity 6015K, committed 6272K, reserved 1056768K
  class space    used 638K, capacity 789K, committed 896K, reserved 1048576K
}
Event: 10.637 GC heap after
{Heap after GC invocations=3 (full 0):
 def new generation   total 2432K, used 256K [0x00000000f8000000, 0x00000000f82a0000, 0x00000000faaa0000)
  eden space 2176K,   0% used [0x00000000f8000000, 0x00000000f8000000, 0x00000000f8220000)
  from space 256K, 100% used [0x00000000f8260000, 0x00000000f82a0000, 0x00000000f82a0000)
  to   space 256K,   0% used [0x00000000f8220000, 0x00000000f8220000, 0x00000000f8260000)
 tenured generation   total 5504K, used 1459K [0x00000000faaa0000, 0x00000000fb000000, 0x0000000100000000)
   the space 5504K,  26% used [0x00000000faaa0000, 0x00000000fac0cf30, 0x00000000fac0d000, 0x00000000fb000000)
 Metaspace       used 5718K, capacity 6015K, committed 6272K, reserved 1056768K
  class space    used 638K, capacity 789K, committed 896K, reserved 1048576K
}
Event: 11.614 GC heap before
{Heap before GC invocations=3 (full 0):
 def new generation   total 2432K, used 2432K [0x00000000f8000000, 0x00000000f82a0000, 0x00000000faaa0000)
  eden space 2176K, 100% used [0x00000000f8000000, 0x00000000f8220000, 0x00000000f8220000)
  from space 256K, 100% used [0x00000000f8260000, 0x00000000f82a0000, 0x00000000f82a0000)
  to   space 256K,   0% used [0x00000000f8220000, 0x00000000f8220000, 0x00000000f8260000)
 tenured generation   total 5504K, used 1459K [0x00000000faaa0000, 0x00000000fb000000, 0x0000000100000000)
   the space 5504K,  26% used [0x00000000faaa0000, 0x00000000fac0cf30, 0x00000000fac0d000, 0x00000000fb000000)
 Metaspace       used 8900K, capacity 9243K, committed 9472K, reserved 1056768K
  class space    used 1021K, capacity 1205K, committed 1280K, reserved 1048576K
}
Event: 11.641 GC heap after
{Heap after GC invocations=4 (full 0):
 def new generation   total 2432K, used 256K [0x00000000f8000000, 0x00000000f82a0000, 0x00000000faaa0000)
  eden space 2176K,   0% used [0x00000000f8000000, 0x00000000f8000000, 0x00000000f8220000)
  from space 256K, 100% used [0x00000000f8220000, 0x00000000f8260000, 0x00000000f8260000)
  to   space 256K,   0% used [0x00000000f8260000, 0x00000000f8260000, 0x00000000f82a0000)
 tenured generation   total 5504K, used 1908K [0x00000000faaa0000, 0x00000000fb000000, 0x0000000100000000)
   the space 5504K,  34% used [0x00000000faaa0000, 0x00000000fac7d378, 0x00000000fac7d400, 0x00000000fb000000)
 Metaspace       used 8900K, capacity 9243K, committed 9472K, reserved 1056768K
  class space    used 1021K, capacity 1205K, committed 1280K, reserved 1048576K
}
Event: 12.876 GC heap before
{Heap before GC invocations=4 (full 0):
 def new generation   total 2432K, used 2432K [0x00000000f8000000, 0x00000000f82a0000, 0x00000000faaa0000)
  eden space 2176K, 100% used [0x00000000f8000000, 0x00000000f8220000, 0x00000000f8220000)
  from space 256K, 100% used [0x00000000f8220000, 0x00000000f8260000, 0x00000000f8260000)
  to   space 256K,   0% used [0x00000000f8260000, 0x00000000f8260000, 0x00000000f82a0000)
 tenured generation   total 5504K, used 1908K [0x00000000faaa0000, 0x00000000fb000000, 0x0000000100000000)
   the space 5504K,  34% used [0x00000000faaa0000, 0x00000000fac7d378, 0x00000000fac7d400, 0x00000000fb000000)
 Metaspace       used 9614K, capacity 10043K, committed 10368K, reserved 1058816K
  class space    used 1120K, capacity 1344K, committed 1408K, reserved 1048576K
}
Event: 12.884 GC heap after
{Heap after GC invocations=5 (full 0):
 def new generation   total 2432K, used 256K [0x00000000f8000000, 0x00000000f82a0000, 0x00000000faaa0000)
  eden space 2176K,   0% used [0x00000000f8000000, 0x00000000f8000000, 0x00000000f8220000)
  from space 256K, 100% used [0x00000000f8260000, 0x00000000f82a0000, 0x00000000f82a0000)
  to   space 256K,   0% used [0x00000000f8220000, 0x00000000f8220000, 0x00000000f8260000)
 tenured generation   total 5504K, used 2471K [0x00000000faaa0000, 0x00000000fb000000, 0x0000000100000000)
   the space 5504K,  44% used [0x00000000faaa0000, 0x00000000fad09ee0, 0x00000000fad0a000, 0x00000000fb000000)
 Metaspace       used 9614K, capacity 10043K, committed 10368K, reserved 1058816K
  class space    used 1120K, capacity 1344K, committed 1408K, reserved 1048576K
}

Deoptimization events (16 events):
Event: 0.299 Thread 0x00007f6e34016000 Uncommon trap: trap_request=0xffffff4d fr.pc=0x00007f6e243cd160 relative=0x00000000000001c0
Event: 0.299 Thread 0x00007f6e34016000 Uncommon trap: reason=unstable_if action=reinterpret pc=0x00007f6e243cd160 method=java.lang.String.hashCode()I @ 14 c2
Event: 0.299 Thread 0x00007f6e34016000 DEOPT PACKING pc=0x00007f6e243cd160 sp=0x00007f6e3c9581b0
Event: 0.299 Thread 0x00007f6e34016000 DEOPT UNPACKING pc=0x00007f6e1c9281a5 sp=0x00007f6e3c958168 mode 2
Event: 11.365 Thread 0x00007f6e341a8000 Uncommon trap: trap_request=0xffffffc6 fr.pc=0x00007f6e243fcbc4 relative=0x00000000000007a4
Event: 11.365 Thread 0x00007f6e341a8000 Uncommon trap: reason=bimorphic_or_optimized_type_check action=maybe_recompile pc=0x00007f6e243fcbc4 method=java.util.concurrent.ConcurrentHashMap.get(Ljava/lang/Object;)Ljava/lang/Object; @ 149 c2
Event: 11.365 Thread 0x00007f6e341a8000 DEOPT PACKING pc=0x00007f6e243fcbc4 sp=0x00007f6dee316a40
Event: 11.365 Thread 0x00007f6e341a8000 DEOPT UNPACKING pc=0x00007f6e1c9281a5 sp=0x00007f6dee3169e0 mode 2
Event: 12.797 Thread 0x00007f6e341a8000 Uncommon trap: trap_request=0xffffffc6 fr.pc=0x00007f6e243fcbc4 relative=0x00000000000007a4
Event: 12.797 Thread 0x00007f6e341a8000 Uncommon trap: reason=bimorphic_or_optimized_type_check action=maybe_recompile pc=0x00007f6e243fcbc4 method=java.util.concurrent.ConcurrentHashMap.get(Ljava/lang/Object;)Ljava/lang/Object; @ 149 c2
Event: 12.797 Thread 0x00007f6e341a8000 DEOPT PACKING pc=0x00007f6e243fcbc4 sp=0x00007f6dee316250
Event: 12.797 Thread 0x00007f6e341a8000 DEOPT UNPACKING pc=0x00007f6e1c9281a5 sp=0x00007f6dee3161f0 mode 2
Event: 12.797 Thread 0x00007f6e341a8000 Uncommon trap: trap_request=0xffffffc6 fr.pc=0x00007f6e243fcbc4 relative=0x00000000000007a4
Event: 12.797 Thread 0x00007f6e341a8000 Uncommon trap: reason=bimorphic_or_optimized_type_check action=maybe_recompile pc=0x00007f6e243fcbc4 method=java.util.concurrent.ConcurrentHashMap.get(Ljava/lang/Object;)Ljava/lang/Object; @ 149 c2
Event: 12.797 Thread 0x00007f6e341a8000 DEOPT PACKING pc=0x00007f6e243fcbc4 sp=0x00007f6dee3161c0
Event: 12.797 Thread 0x00007f6e341a8000 DEOPT UNPACKING pc=0x00007f6e1c9281a5 sp=0x00007f6dee316160 mode 2

Classes redefined (0 events):
No events

Internal exceptions (20 events):
Event: 9.435 Thread 0x00007f6e34016000 Exception <a 'java/lang/NoSuchMethodError'{0x00000000f8166e28}: 'void java.lang.invoke.DirectMethodHandle$Holder.invokeSpecial(java.lang.Object, java.lang.Object)'> (0x00000000f8166e28) thrown at [./src/hotspot/share/interpreter/linkResolver.cpp, line 773]
Event: 10.154 Thread 0x00007f6e341a8000 Exception <a 'java/lang/NoSuchMethodError'{0x00000000f804cd48}: 'java.lang.Object java.lang.invoke.DirectMethodHandle$Holder.invokeStatic(java.lang.Object, int, java.lang.Object, java.lang.Object, java.lang.Object, java.lang.Object)'> (0x00000000f804cd48) thrown at [./src/hotspot/share/interpreter/linkResolver.cpp, line 773]
Event: 10.158 Thread 0x00007f6e341a8000 Exception <a 'java/lang/NoSuchMethodError'{0x00000000f80542b8}: 'java.lang.Object java.lang.invoke.DirectMethodHandle$Holder.invokeStatic(java.lang.Object, int, java.lang.Object, java.lang.Object, java.lang.Object)'> (0x00000000f80542b8) thrown at [./src/hotspot/share/interpreter/linkResolver.cpp, line 773]
Event: 10.158 Thread 0x00007f6e341a8000 Exception <a 'java/lang/NoSuchMethodError'{0x00000000f8058060}: 'java.lang.Object java.lang.invoke.DirectMethodHandle$Holder.invokeSpecial(java.lang.Object, java.lang.Object, int, java.lang.Object, java.lang.Object, java.lang.Object)'> (0x00000000f8058060) thrown at [./src/hotspot/share/interpreter/linkResolver.cpp, line 773]
Event: 10.174 Thread 0x00007f6e341a8000 Exception <a 'java/lang/NoSuchMethodError'{0x00000000f80709e0}: 'java.lang.Object java.lang.invoke.DirectMethodHandle$Holder.invokeStatic(java.lang.Object, int, java.lang.Object)'> (0x00000000f80709e0) thrown at [./src/hotspot/share/interpreter/linkResolver.cpp, line 773]
Event: 10.458 Thread 0x00007f6e341a8000 Exception <a 'java/lang/NoSuchMethodError'{0x00000000f8172d00}: 'java.lang.Object java.lang.invoke.Invokers$Holder.linkToTargetMethod(java.lang.Object, int, java.lang.Object)'> (0x00000000f8172d00) thrown at [./src/hotspot/share/interpreter/linkResolver.cpp, line 773]
Event: 10.466 Thread 0x00007f6e341a8000 Exception <a 'java/lang/ClassNotFoundException'{0x00000000f817b668}: com/sun/swing/internal/plaf/metal/resources/spi/metalProvider> (0x00000000f817b668) thrown at [./src/hotspot/share/classfile/systemDictionary.cpp, line 231]
Event: 10.475 Thread 0x00007f6e341a8000 Exception <a 'java/lang/ClassNotFoundException'{0x00000000f817fe48}: com/sun/swing/internal/plaf/basic/resources/spi/basicProvider> (0x00000000f817fe48) thrown at [./src/hotspot/share/classfile/systemDictionary.cpp, line 231]
Event: 10.590 Thread 0x00007f6e341a8000 Exception <a 'java/lang/NoSuchMethodError'{0x00000000f81fa6e8}: 'void java.lang.invoke.DirectMethodHandle$Holder.invokeStaticInit(java.lang.Object)'> (0x00000000f81fa6e8) thrown at [./src/hotspot/share/interpreter/linkResolver.cpp, line 773]
Event: 10.649 Thread 0x00007f6e341a8000 Exception <a 'java/lang/NoSuchMethodError'{0x00000000f8019918}: 'java.lang.Object java.lang.invoke.DirectMethodHandle$Holder.invokeStatic(java.lang.Object, java.lang.Object, java.lang.Object, java.lang.Object, java.lang.Object, java.lang.Object, java.lang.Object, java.lang.Object, java.lang.Object, java.lang.Object, java.lang.Object, java.lang.Object, java.lang.Object, int)'> (0x00000000f8019918) thrown at [./src/hotspot/share/interpreter/linkResolver.cpp, line 773]
Event: 10.652 Thread 0x00007f6e341a8000 Exception <a 'java/lang/NoSuchMethodError'{0x00000000f80267a8}: 'java.lang.Object java.lang.invoke.DirectMethodHandle$Holder.invokeStatic(java.lang.Object, java.lang.Object, java.lang.Object, java.lang.Object, java.lang.Object, java.lang.Object, java.lang.Object, java.lang.Object, java.lang.Object, java.lang.Object, java.lang.Object, java.lang.Object, java.lang.Object, int, int)'> (0x00000000f80267a8) thrown at [./src/hotspot/share/interpreter/linkResolver.cpp, line 773]
Event: 11.485 Thread 0x00007f6e341a8000 Exception <a 'java/lang/NoSuchMethodError'{0x00000000f818c7a8}: 'java.lang.Object java.lang.invoke.DirectMethodHandle$Holder.invokeSpecial(java.lang.Object, java.lang.Object, int, int, java.lang.Object, java.lang.Object, java.lang.Object, java.lang.Object, java.lang.Object)'> (0x00000000f818c7a8) thrown at [./src/hotspot/share/interpreter/linkResolver.cpp, line 773]
Event: 11.486 Thread 0x00007f6e341a8000 Exception <a 'java/lang/NoSuchMethodError'{0x00000000f8190438}: 'java.lang.Object java.lang.invoke.DelegatingMethodHandle$Holder.reinvoke_L(java.lang.Object, int, int, java.lang.Object, java.lang.Object, java.lang.Object, java.lang.Object, java.lang.Object)'> (0x00000000f8190438) thrown at [./src/hotspot/share/interpreter/linkResolver.cpp, line 773]
Event: 11.646 Thread 0x00007f6e341a8000 Exception <a 'java/lang/NoSuchMethodError'{0x00000000f8019e58}: 'java.lang.Object java.lang.invoke.Invokers$Holder.linkToTargetMethod(java.lang.Object, java.lang.Object, java.lang.Object, java.lang.Object, java.lang.Object, java.lang.Object)'> (0x00000000f8019e58) thrown at [./src/hotspot/share/interpreter/linkResolver.cpp, line 773]
Event: 11.751 Thread 0x00007f6e341a8000 Exception <a 'java/lang/NoSuchMethodError'{0x00000000f808a420}: 'java.lang.Object java.lang.invoke.DirectMethodHandle$Holder.invokeSpecial(java.lang.Object, java.lang.Object, int, int, java.lang.Object, java.lang.Object, java.lang.Object, java.lang.Object)'> (0x00000000f808a420) thrown at [./src/hotspot/share/interpreter/linkResolver.cpp, line 773]
Event: 11.752 Thread 0x00007f6e341a8000 Exception <a 'java/lang/NoSuchMethodError'{0x00000000f808e048}: 'java.lang.Object java.lang.invoke.DelegatingMethodHandle$Holder.reinvoke_L(java.lang.Object, int, int, java.lang.Object, java.lang.Object, java.lang.Object, java.lang.Object)'> (0x00000000f808e048) thrown at [./src/hotspot/share/interpreter/linkResolver.cpp, line 773]
Event: 13.068 Thread 0x00007f6e341a8000 Exception <a 'java/lang/NoSuchMethodError'{0x00000000f80a1ab8}: 'java.lang.Object java.lang.invoke.DirectMethodHandle$Holder.invokeStatic(java.lang.Object, java.lang.Object, java.lang.Object, java.lang.Object, java.lang.Object, java.lang.Object, java.lang.Object, java.lang.Object, java.lang.Object, java.lang.Object, java.lang.Object, int)'> (0x00000000f80a1ab8) thrown at [./src/hotspot/share/interpreter/linkResolver.cpp, line 773]
Event: 13.109 Thread 0x00007f6e341a8000 Exception <a 'java/lang/NoSuchMethodError'{0x00000000f80c04d8}: 'java.lang.Object java.lang.invoke.DirectMethodHandle$Holder.invokeStatic(java.lang.Object, java.lang.Object, java.lang.Object, java.lang.Object, java.lang.Object, java.lang.Object, java.lang.Object, java.lang.Object, java.lang.Object, java.lang.Object, java.lang.Object, int, int)'> (0x00000000f80c04d8) thrown at [./src/hotspot/share/interpreter/linkResolver.cpp, line 773]
Event: 13.120 Thread 0x00007f6e341a8000 Exception <a 'java/lang/NoSuchMethodError'{0x00000000f80df8b8}: 'java.lang.Object java.lang.invoke.DirectMethodHandle$Holder.invokeStatic(java.lang.Object, java.lang.Object, java.lang.Object, java.lang.Object, java.lang.Object, java.lang.Object, java.lang.Object, java.lang.Object, java.lang.Object, java.lang.Object, java.lang.Object, int, int, java.lang.Object)'> (0x00000000f80df8b8) thrown at [./src/hotspot/share/interpreter/linkResolver.cpp, line 773]
Event: 13.153 Thread 0x00007f6e341a8000 Exception <a 'java/lang/NoSuchMethodError'{0x00000000f8101098}: 'java.lang.Object java.lang.invoke.DirectMethodHandle$Holder.invokeStatic(java.lang.Object, java.lang.Object, java.lang.Object, java.lang.Object, java.lang.Object, java.lang.Object, java.lang.Object, java.lang.Object, java.lang.Object, java.lang.Object, java.lang.Object, int, int, java.lang.Object, java.lang.Object)'> (0x00000000f8101098) thrown at [./src/hotspot/share/interpreter/linkResolver.cpp, line 773]

Events (20 events):
Event: 14.919 Executing VM operation: RevokeBias
Event: 14.919 Executing VM operation: RevokeBias done
Event: 14.945 loading class java/awt/LightweightDispatcher$2
Event: 14.945 loading class java/awt/LightweightDispatcher$2 done
Event: 23.280 Loaded shared library /usr/lib/jvm/java-11-openjdk-amd64/lib/libawt_xawt.so
Event: 55.271 loading class jdk/internal/misc/Signal$1
Event: 55.272 loading class jdk/internal/misc/Signal$1 done
Event: 55.277 Thread 0x00007f6e08001000 Thread added: 0x00007f6e08001000
Event: 55.277 Protecting memory [0x00007f6dede1d000,0x00007f6dede21000] with protection modes 0
Event: 55.278 Executing VM operation: RevokeBias
Event: 55.280 Thread 0x00007f6e08003000 Thread added: 0x00007f6e08003000
Event: 55.288 Protecting memory [0x00007f6e33eff000,0x00007f6e33f03000] with protection modes 0
Event: 55.288 Executing VM operation: RevokeBias done
Event: 55.289 Executing VM operation: RevokeBias
Event: 55.289 Executing VM operation: RevokeBias done
Event: 55.293 Executing VM operation: RevokeBias
Event: 55.295 Thread 0x00007f6dd4001000 Thread added: 0x00007f6dd4001000
Event: 55.300 Protecting memory [0x00007f6e33dfe000,0x00007f6e33e02000] with protection modes 0
Event: 55.300 Executing VM operation: RevokeBias done
Event: 55.304 loading class sun/awt/X11/XSystemTrayPeer


Dynamic libraries:
f8000000-f82a0000 rw-p 00000000 00:00 0 
f82a0000-faaa0000 ---p 00000000 00:00 0 
faaa0000-fb000000 rw-p 00000000 00:00 0 
fb000000-100000000 ---p 00000000 00:00 0 
800000000-800002000 rwxp 00001000 08:01 2329411                          /usr/lib/jvm/java-11-openjdk-amd64/lib/server/classes.jsa
800002000-8003b8000 rw-p 00003000 08:01 2329411                          /usr/lib/jvm/java-11-openjdk-amd64/lib/server/classes.jsa
8003b8000-800a93000 r--p 003b9000 08:01 2329411                          /usr/lib/jvm/java-11-openjdk-amd64/lib/server/classes.jsa
800a93000-800a94000 rw-p 00a94000 08:01 2329411                          /usr/lib/jvm/java-11-openjdk-amd64/lib/server/classes.jsa
800a94000-8010a0000 r--p 00a95000 08:01 2329411                          /usr/lib/jvm/java-11-openjdk-amd64/lib/server/classes.jsa
840000000-840180000 rw-p 00000000 00:00 0 
840180000-880000000 ---p 00000000 00:00 0 
559cd1ec3000-559cd1ec4000 r-xp 00000000 08:01 2329043                    /usr/lib/jvm/java-11-openjdk-amd64/bin/java
559cd20c4000-559cd20c5000 r--p 00001000 08:01 2329043                    /usr/lib/jvm/java-11-openjdk-amd64/bin/java
559cd20c5000-559cd20c6000 rw-p 00002000 08:01 2329043                    /usr/lib/jvm/java-11-openjdk-amd64/bin/java
559cd2c23000-559cd2c44000 rw-p 00000000 00:00 0                          [heap]
7f6dc8000000-7f6dc8021000 rw-p 00000000 00:00 0 
7f6dc8021000-7f6dcc000000 ---p 00000000 00:00 0 
7f6dd0000000-7f6dd0021000 rw-p 00000000 00:00 0 
7f6dd0021000-7f6dd4000000 ---p 00000000 00:00 0 
7f6dd4000000-7f6dd4021000 rw-p 00000000 00:00 0 
7f6dd4021000-7f6dd8000000 ---p 00000000 00:00 0 
7f6dd8000000-7f6dd8021000 rw-p 00000000 00:00 0 
7f6dd8021000-7f6ddc000000 ---p 00000000 00:00 0 
7f6ddc000000-7f6ddc38c000 rw-p 00000000 00:00 0 
7f6ddc38c000-7f6de0000000 ---p 00000000 00:00 0 
7f6de0000000-7f6de0021000 rw-p 00000000 00:00 0 
7f6de0021000-7f6de4000000 ---p 00000000 00:00 0 
7f6de4000000-7f6de4021000 rw-p 00000000 00:00 0 
7f6de4021000-7f6de8000000 ---p 00000000 00:00 0 
7f6de8000000-7f6de8021000 rw-p 00000000 00:00 0 
7f6de8021000-7f6dec000000 ---p 00000000 00:00 0 
7f6dede1d000-7f6dede21000 ---p 00000000 00:00 0 
7f6dede21000-7f6dee09e000 rw-p 00000000 00:00 0 
7f6dee09e000-7f6dee11e000 ---p 00000000 00:00 0 
7f6dee11e000-7f6dee122000 ---p 00000000 00:00 0 
7f6dee122000-7f6dee21f000 rw-p 00000000 00:00 0 
7f6dee21f000-7f6dee223000 ---p 00000000 00:00 0 
7f6dee223000-7f6dee320000 rw-p 00000000 00:00 0 
7f6dee320000-7f6dee324000 ---p 00000000 00:00 0 
7f6dee324000-7f6dee421000 rw-p 00000000 00:00 0 
7f6dee421000-7f6dee425000 ---p 00000000 00:00 0 
7f6dee425000-7f6dee522000 rw-p 00000000 00:00 0 
7f6dee522000-7f6dee527000 r-xp 00000000 08:01 1299827                    /usr/lib/x86_64-linux-gnu/libXfixes.so.3.1.0
7f6dee527000-7f6dee726000 ---p 00005000 08:01 1299827                    /usr/lib/x86_64-linux-gnu/libXfixes.so.3.1.0
7f6dee726000-7f6dee727000 r--p 00004000 08:01 1299827                    /usr/lib/x86_64-linux-gnu/libXfixes.so.3.1.0
7f6dee727000-7f6dee728000 rw-p 00005000 08:01 1299827                    /usr/lib/x86_64-linux-gnu/libXfixes.so.3.1.0
7f6dee728000-7f6dee731000 r-xp 00000000 08:01 1299819                    /usr/lib/x86_64-linux-gnu/libXcursor.so.1.0.2
7f6dee731000-7f6dee930000 ---p 00009000 08:01 1299819                    /usr/lib/x86_64-linux-gnu/libXcursor.so.1.0.2
7f6dee930000-7f6dee931000 r--p 00008000 08:01 1299819                    /usr/lib/x86_64-linux-gnu/libXcursor.so.1.0.2
7f6dee931000-7f6dee932000 rw-p 00009000 08:01 1299819                    /usr/lib/x86_64-linux-gnu/libXcursor.so.1.0.2
7f6dee932000-7f6dee933000 ---p 00000000 00:00 0 
7f6dee933000-7f6def133000 rw-p 00000000 00:00 0 
7f6def133000-7f6def134000 ---p 00000000 00:00 0 
7f6def134000-7f6def934000 rw-p 00000000 00:00 0 
7f6def934000-7f6def940000 r-xp 00000000 08:01 1299573                    /usr/lib/x86_64-linux-gnu/gio/modules/libdconfsettings.so
7f6def940000-7f6defb3f000 ---p 0000c000 08:01 1299573                    /usr/lib/x86_64-linux-gnu/gio/modules/libdconfsettings.so
7f6defb3f000-7f6defb40000 r--p 0000b000 08:01 1299573                    /usr/lib/x86_64-linux-gnu/gio/modules/libdconfsettings.so
7f6defb40000-7f6defb41000 rw-p 0000c000 08:01 1299573                    /usr/lib/x86_64-linux-gnu/gio/modules/libdconfsettings.so
7f6defb41000-7f6defb88000 r-xp 00000000 08:01 779521                     /lib/x86_64-linux-gnu/libblkid.so.1.1.0
7f6defb88000-7f6defd88000 ---p 00047000 08:01 779521                     /lib/x86_64-linux-gnu/libblkid.so.1.1.0
7f6defd88000-7f6defd8c000 r--p 00047000 08:01 779521                     /lib/x86_64-linux-gnu/libblkid.so.1.1.0
7f6defd8c000-7f6defd8d000 rw-p 0004b000 08:01 779521                     /lib/x86_64-linux-gnu/libblkid.so.1.1.0
7f6defd8d000-7f6defd8e000 rw-p 00000000 00:00 0 
7f6defd8e000-7f6defdfe000 r-xp 00000000 08:01 779586                     /lib/x86_64-linux-gnu/libpcre.so.3.13.3
7f6defdfe000-7f6defffe000 ---p 00070000 08:01 779586                     /lib/x86_64-linux-gnu/libpcre.so.3.13.3
7f6defffe000-7f6deffff000 r--p 00070000 08:01 779586                     /lib/x86_64-linux-gnu/libpcre.so.3.13.3
7f6deffff000-7f6df0000000 rw-p 00071000 08:01 779586                     /lib/x86_64-linux-gnu/libpcre.so.3.13.3
7f6df0000000-7f6df0021000 rw-p 00000000 00:00 0 
7f6df0021000-7f6df4000000 ---p 00000000 00:00 0 
7f6df4000000-7f6df4021000 rw-p 00000000 00:00 0 
7f6df4021000-7f6df8000000 ---p 00000000 00:00 0 
7f6df8000000-7f6df8021000 rw-p 00000000 00:00 0 
7f6df8021000-7f6dfc000000 ---p 00000000 00:00 0 
7f6dfc012000-7f6dfc018000 r-xp 00000000 08:01 779614                     /lib/x86_64-linux-gnu/libuuid.so.1.3.0
7f6dfc018000-7f6dfc217000 ---p 00006000 08:01 779614                     /lib/x86_64-linux-gnu/libuuid.so.1.3.0
7f6dfc217000-7f6dfc218000 r--p 00005000 08:01 779614                     /lib/x86_64-linux-gnu/libuuid.so.1.3.0
7f6dfc218000-7f6dfc219000 rw-p 00006000 08:01 779614                     /lib/x86_64-linux-gnu/libuuid.so.1.3.0
7f6dfc219000-7f6dfc220000 r-xp 00000000 08:01 780300                     /usr/lib/x86_64-linux-gnu/libffi.so.6.0.4
7f6dfc220000-7f6dfc41f000 ---p 00007000 08:01 780300                     /usr/lib/x86_64-linux-gnu/libffi.so.6.0.4
7f6dfc41f000-7f6dfc420000 r--p 00006000 08:01 780300                     /usr/lib/x86_64-linux-gnu/libffi.so.6.0.4
7f6dfc420000-7f6dfc421000 rw-p 00007000 08:01 780300                     /usr/lib/x86_64-linux-gnu/libffi.so.6.0.4
7f6dfc421000-7f6dfc472000 r-xp 00000000 08:01 779557                     /lib/x86_64-linux-gnu/libmount.so.1.1.0
7f6dfc472000-7f6dfc671000 ---p 00051000 08:01 779557                     /lib/x86_64-linux-gnu/libmount.so.1.1.0
7f6dfc671000-7f6dfc673000 r--p 00050000 08:01 779557                     /lib/x86_64-linux-gnu/libmount.so.1.1.0
7f6dfc673000-7f6dfc674000 rw-p 00052000 08:01 779557                     /lib/x86_64-linux-gnu/libmount.so.1.1.0
7f6dfc674000-7f6dfc675000 rw-p 00000000 00:00 0 
7f6dfc675000-7f6dfc68c000 r-xp 00000000 08:01 779591                     /lib/x86_64-linux-gnu/libresolv-2.27.so
7f6dfc68c000-7f6dfc88c000 ---p 00017000 08:01 779591                     /lib/x86_64-linux-gnu/libresolv-2.27.so
7f6dfc88c000-7f6dfc88d000 r--p 00017000 08:01 779591                     /lib/x86_64-linux-gnu/libresolv-2.27.so
7f6dfc88d000-7f6dfc88e000 rw-p 00018000 08:01 779591                     /lib/x86_64-linux-gnu/libresolv-2.27.so
7f6dfc88e000-7f6dfc890000 rw-p 00000000 00:00 0 
7f6dfc890000-7f6dfc8b5000 r-xp 00000000 08:01 779554                     /lib/x86_64-linux-gnu/libselinux.so.1
7f6dfc8b5000-7f6dfcab4000 ---p 00025000 08:01 779554                     /lib/x86_64-linux-gnu/libselinux.so.1
7f6dfcab4000-7f6dfcab5000 r--p 00024000 08:01 779554                     /lib/x86_64-linux-gnu/libselinux.so.1
7f6dfcab5000-7f6dfcab6000 rw-p 00025000 08:01 779554                     /lib/x86_64-linux-gnu/libselinux.so.1
7f6dfcab6000-7f6dfcab8000 rw-p 00000000 00:00 0 
7f6dfcab8000-7f6dfcbcc000 r-xp 00000000 08:01 1300203                    /usr/lib/x86_64-linux-gnu/libglib-2.0.so.0.5600.4
7f6dfcbcc000-7f6dfcdcc000 ---p 00114000 08:01 1300203                    /usr/lib/x86_64-linux-gnu/libglib-2.0.so.0.5600.4
7f6dfcdcc000-7f6dfcdcd000 r--p 00114000 08:01 1300203                    /usr/lib/x86_64-linux-gnu/libglib-2.0.so.0.5600.4
7f6dfcdcd000-7f6dfcdce000 rw-p 00115000 08:01 1300203                    /usr/lib/x86_64-linux-gnu/libglib-2.0.so.0.5600.4
7f6dfcdce000-7f6dfcdcf000 rw-p 00000000 00:00 0 
7f6dfcdcf000-7f6dfcdd2000 r-xp 00000000 08:01 1300209                    /usr/lib/x86_64-linux-gnu/libgmodule-2.0.so.0.5600.4
7f6dfcdd2000-7f6dfcfd1000 ---p 00003000 08:01 1300209                    /usr/lib/x86_64-linux-gnu/libgmodule-2.0.so.0.5600.4
7f6dfcfd1000-7f6dfcfd2000 r--p 00002000 08:01 1300209                    /usr/lib/x86_64-linux-gnu/libgmodule-2.0.so.0.5600.4
7f6dfcfd2000-7f6dfcfd3000 rw-p 00003000 08:01 1300209                    /usr/lib/x86_64-linux-gnu/libgmodule-2.0.so.0.5600.4
7f6dfcfd3000-7f6dfd025000 r-xp 00000000 08:01 1300213                    /usr/lib/x86_64-linux-gnu/libgobject-2.0.so.0.5600.4
7f6dfd025000-7f6dfd225000 ---p 00052000 08:01 1300213                    /usr/lib/x86_64-linux-gnu/libgobject-2.0.so.0.5600.4
7f6dfd225000-7f6dfd226000 r--p 00052000 08:01 1300213                    /usr/lib/x86_64-linux-gnu/libgobject-2.0.so.0.5600.4
7f6dfd226000-7f6dfd227000 rw-p 00053000 08:01 1300213                    /usr/lib/x86_64-linux-gnu/libgobject-2.0.so.0.5600.4
7f6dfd227000-7f6dfd3bc000 r-xp 00000000 08:01 1300195                    /usr/lib/x86_64-linux-gnu/libgio-2.0.so.0.5600.4
7f6dfd3bc000-7f6dfd5bc000 ---p 00195000 08:01 1300195                    /usr/lib/x86_64-linux-gnu/libgio-2.0.so.0.5600.4
7f6dfd5bc000-7f6dfd5c3000 r--p 00195000 08:01 1300195                    /usr/lib/x86_64-linux-gnu/libgio-2.0.so.0.5600.4
7f6dfd5c3000-7f6dfd5c4000 rw-p 0019c000 08:01 1300195                    /usr/lib/x86_64-linux-gnu/libgio-2.0.so.0.5600.4
7f6dfd5c4000-7f6dfd5c6000 rw-p 00000000 00:00 0 
7f6dfd5c6000-7f6dfd5d0000 r-xp 00000000 08:01 1299843                    /usr/lib/x86_64-linux-gnu/libXrandr.so.2.2.0
7f6dfd5d0000-7f6dfd7cf000 ---p 0000a000 08:01 1299843                    /usr/lib/x86_64-linux-gnu/libXrandr.so.2.2.0
7f6dfd7cf000-7f6dfd7d0000 r--p 00009000 08:01 1299843                    /usr/lib/x86_64-linux-gnu/libXrandr.so.2.2.0
7f6dfd7d0000-7f6dfd7d1000 rw-p 0000a000 08:01 1299843                    /usr/lib/x86_64-linux-gnu/libXrandr.so.2.2.0
7f6dfd7d1000-7f6dfd802000 r-xp 00000000 08:01 1300502                    /usr/lib/x86_64-linux-gnu/libpng16.so.16.34.0
7f6dfd802000-7f6dfda01000 ---p 00031000 08:01 1300502                    /usr/lib/x86_64-linux-gnu/libpng16.so.16.34.0
7f6dfda01000-7f6dfda02000 r--p 00030000 08:01 1300502                    /usr/lib/x86_64-linux-gnu/libpng16.so.16.34.0
7f6dfda02000-7f6dfda03000 rw-p 00031000 08:01 1300502                    /usr/lib/x86_64-linux-gnu/libpng16.so.16.34.0
7f6dfda03000-7f6dfdab0000 r-xp 00000000 08:01 1300176                    /usr/lib/x86_64-linux-gnu/libfreetype.so.6.15.0
7f6dfdab0000-7f6dfdcaf000 ---p 000ad000 08:01 1300176                    /usr/lib/x86_64-linux-gnu/libfreetype.so.6.15.0
7f6dfdcaf000-7f6dfdcb6000 r--p 000ac000 08:01 1300176                    /usr/lib/x86_64-linux-gnu/libfreetype.so.6.15.0
7f6dfdcb6000-7f6dfdcb7000 rw-p 000b3000 08:01 1300176                    /usr/lib/x86_64-linux-gnu/libfreetype.so.6.15.0
7f6dfdcb7000-7f6dfddeb000 r-xp 00000000 08:01 2329372                    /usr/lib/jvm/java-11-openjdk-amd64/lib/libfontmanager.so
7f6dfddeb000-7f6dfdfeb000 ---p 00134000 08:01 2329372                    /usr/lib/jvm/java-11-openjdk-amd64/lib/libfontmanager.so
7f6dfdfeb000-7f6dfdfec000 r--p 00134000 08:01 2329372                    /usr/lib/jvm/java-11-openjdk-amd64/lib/libfontmanager.so
7f6dfdfec000-7f6dfdfed000 rw-p 00135000 08:01 2329372                    /usr/lib/jvm/java-11-openjdk-amd64/lib/libfontmanager.so
7f6dfdfed000-7f6dfdff0000 rw-p 00000000 00:00 0 
7f6dfdff0000-7f6dfe003000 r-xp 00000000 08:01 1033869                    /lib/x86_64-linux-gnu/libbsd.so.0.8.7
7f6dfe003000-7f6dfe202000 ---p 00013000 08:01 1033869                    /lib/x86_64-linux-gnu/libbsd.so.0.8.7
7f6dfe202000-7f6dfe203000 r--p 00012000 08:01 1033869                    /lib/x86_64-linux-gnu/libbsd.so.0.8.7
7f6dfe203000-7f6dfe204000 rw-p 00013000 08:01 1033869                    /lib/x86_64-linux-gnu/libbsd.so.0.8.7
7f6dfe204000-7f6dfe205000 rw-p 00000000 00:00 0 
7f6dfe205000-7f6dfe20a000 r-xp 00000000 08:01 1299823                    /usr/lib/x86_64-linux-gnu/libXdmcp.so.6.0.0
7f6dfe20a000-7f6dfe409000 ---p 00005000 08:01 1299823                    /usr/lib/x86_64-linux-gnu/libXdmcp.so.6.0.0
7f6dfe409000-7f6dfe40a000 r--p 00004000 08:01 1299823                    /usr/lib/x86_64-linux-gnu/libXdmcp.so.6.0.0
7f6dfe40a000-7f6dfe40b000 rw-p 00005000 08:01 1299823                    /usr/lib/x86_64-linux-gnu/libXdmcp.so.6.0.0
7f6dfe40b000-7f6dfe40d000 r-xp 00000000 08:01 1299812                    /usr/lib/x86_64-linux-gnu/libXau.so.6.0.0
7f6dfe40d000-7f6dfe60d000 ---p 00002000 08:01 1299812                    /usr/lib/x86_64-linux-gnu/libXau.so.6.0.0
7f6dfe60d000-7f6dfe60e000 r--p 00002000 08:01 1299812                    /usr/lib/x86_64-linux-gnu/libXau.so.6.0.0
7f6dfe60e000-7f6dfe60f000 rw-p 00003000 08:01 1299812                    /usr/lib/x86_64-linux-gnu/libXau.so.6.0.0
7f6dfe60f000-7f6dfe635000 r-xp 00000000 08:01 1300705                    /usr/lib/x86_64-linux-gnu/libxcb.so.1.1.0
7f6dfe635000-7f6dfe835000 ---p 00026000 08:01 1300705                    /usr/lib/x86_64-linux-gnu/libxcb.so.1.1.0
7f6dfe835000-7f6dfe836000 r--p 00026000 08:01 1300705                    /usr/lib/x86_64-linux-gnu/libxcb.so.1.1.0
7f6dfe836000-7f6dfe837000 rw-p 00027000 08:01 1300705                    /usr/lib/x86_64-linux-gnu/libxcb.so.1.1.0
7f6dfe837000-7f6dfe846000 r-xp 00000000 08:01 1299833                    /usr/lib/x86_64-linux-gnu/libXi.so.6.1.0
7f6dfe846000-7f6dfea45000 ---p 0000f000 08:01 1299833                    /usr/lib/x86_64-linux-gnu/libXi.so.6.1.0
7f6dfea45000-7f6dfea46000 r--p 0000e000 08:01 1299833                    /usr/lib/x86_64-linux-gnu/libXi.so.6.1.0
7f6dfea46000-7f6dfea47000 rw-p 0000f000 08:01 1299833                    /usr/lib/x86_64-linux-gnu/libXi.so.6.1.0
7f6dfea47000-7f6dfea4c000 r-xp 00000000 08:01 1299851                    /usr/lib/x86_64-linux-gnu/libXtst.so.6.1.0
7f6dfea4c000-7f6dfec4b000 ---p 00005000 08:01 1299851                    /usr/lib/x86_64-linux-gnu/libXtst.so.6.1.0
7f6dfec4b000-7f6dfec4c000 r--p 00004000 08:01 1299851                    /usr/lib/x86_64-linux-gnu/libXtst.so.6.1.0
7f6dfec4c000-7f6dfec4d000 rw-p 00005000 08:01 1299851                    /usr/lib/x86_64-linux-gnu/libXtst.so.6.1.0
7f6dfec4d000-7f6dfec56000 r-xp 00000000 08:01 1299845                    /usr/lib/x86_64-linux-gnu/libXrender.so.1.3.0
7f6dfec56000-7f6dfee55000 ---p 00009000 08:01 1299845                    /usr/lib/x86_64-linux-gnu/libXrender.so.1.3.0
7f6dfee55000-7f6dfee56000 r--p 0